Start mission
Arm
Arm success: True
Offboard
Offboard success: True
Take Off
Take Off success: True
Run mission
Go to 7 using straight with 1 subgoals
Viewpoint done
Go to 10 using straight with 1 subgoals
Viewpoint done
Go to 4 using straight with 1 subgoals
Viewpoint done
Go to 17 using straight with 1 subgoals
Viewpoint done
Go to 6 using straight with 1 subgoals
Viewpoint done
Go to 18 using straight with 1 subgoals
Viewpoint done
Go to 1 using straight with 1 subgoals
Viewpoint done
Go to 15 using straight with 1 subgoals
Viewpoint done
Go to 16 using straight with 1 subgoals
Viewpoint done
Go to 19 using straight with 1 subgoals
Viewpoint done
Go to 20 using straight with 1 subgoals
Viewpoint done
Go to 3 using straight with 1 subgoals
Viewpoint done
Go to 14 using straight with 1 subgoals
Viewpoint done
Go to 2 using straight with 1 subgoals
Viewpoint done
Go to 9 using straight with 1 subgoals
Viewpoint done
Go to 13 using straight with 1 subgoals
Viewpoint done
Go to 8 using straight with 1 subgoals
Viewpoint done
Go to 5 using straight with 1 subgoals
Viewpoint done
Go to 11 using straight with 1 subgoals
Viewpoint done
Go to 12 using straight with 1 subgoals
Viewpoint done
---------------------------------
Tour of scenarios/scenario3.yaml took 167.08411312103271 seconds
---------------------------------
Returning to start pose: [-0.007481225003226972, -0.0015130350787006556, 1.0857425072922315], yaw=0.0008101934447858035
Return-to-start verified: True
End mission
Land
Land success: True
Manual
Manual success: True
Disarm
Disarm success: False
