Start mission
Arm
Arm success: True
Offboard
Offboard success: True
Take Off
Take Off success: True
Run mission
Go to 4 using astar with 2 subgoals
Detected IDs: [84, 64]
Detected IDs: [64]
Detected IDs: [84, 44, 64]
Detected IDs: [84, 44, 64]
Detected IDs: [84, 44, 64]
Detected IDs: [64, 44, 84]
Detected IDs: [84]
Detected IDs: [64, 84]
Detected IDs: [64]
Detected IDs: [54]
Detected IDs: [54]
Detected IDs: [54]
Detected IDs: [54]
Detected IDs: [54]
Viewpoint done
Go to 10 using astar with 2 subgoals
Detected IDs: [44]
Detected IDs: [44]
Detected IDs: [64, 44]
Detected IDs: [44]
Detected IDs: [64, 44]
Detected IDs: [44, 64]
Detected IDs: [44]
Detected IDs: [44, 14]
Detected IDs: [44, 14]
Detected IDs: [44, 14]
Detected IDs: [44, 34, 14]
Detected IDs: [44, 14, 34]
Detected IDs: [44, 14, 34]
Viewpoint done
Go to 6 using astar with 2 subgoals
Detected IDs: [44, 34]
Detected IDs: [24]
Detected IDs: [24]
Detected IDs: [24, 74]
Detected IDs: [24, 74]
Viewpoint done
Go to 2 using astar with 2 subgoals
Detected IDs: [34]
Detected IDs: [34]
Detected IDs: [84, 34]
Detected IDs: [84, 64, 34, 54]
Viewpoint done
Go to 1 using astar with 2 subgoals
Detected IDs: [84, 34, 54]
Detected IDs: [24, 74]
Detected IDs: [24]
Detected IDs: [24]
Detected IDs: [24]
Detected IDs: [24]
Detected IDs: [24]
Detected IDs: [24]
Detected IDs: [24]
Detected IDs: [24, 24]
Detected IDs: [24, 24]
Detected IDs: [24, 24]
Viewpoint done
Go to 9 using astar with 2 subgoals
Detected IDs: [24]
Detected IDs: [24]
Detected IDs: [24]
---------------------------------
Tour of scenarios/scenario2.yaml took 92.43979597091675 seconds
---------------------------------
End mission
Land
Detected IDs: [24]
Detected IDs: [24]
Land success: True
Manual
Manual success: True
Disarm
Disarm success: False
