Start mission
Arm
Arm success: True
Offboard
Offboard success: True
Take Off
Take Off success: True
Run mission
Go to 2 using astar with 2 subgoals
Viewpoint done
Go to 1 using astar with 6 subgoals
Viewpoint done
Go to 3 using astar with 3 subgoals
Viewpoint done
Go to 4 using astar with 2 subgoals
Viewpoint done
Go to 5 using astar with 2 subgoals
Viewpoint done
---------------------------------
Tour of scenarios/scenario4.yaml took 102.1736192703247 seconds
---------------------------------
Returning to start pose: [-0.03280528598091221, 0.009618266975316548, 1.0877152921151505], yaw=0.0013741516457728984
Return-to-start verified: True
End mission
Land
Land success: True
Manual
Manual success: True
Disarm
Disarm success: False
