Start mission
Arm
Arm success: True
Offboard
Offboard success: True
Take Off
Take Off success: True
Run mission
Go to 2 using astar with 2 subgoals
Viewpoint done
Go to 1 using astar with 6 subgoals
Viewpoint done
Go to 3 using astar with 3 subgoals
Viewpoint done
Go to 4 using astar with 2 subgoals
Viewpoint done
Go to 5 using astar with 2 subgoals
Viewpoint done
---------------------------------
Tour of scenarios/scenario4.yaml took 98.69088244438171 seconds
---------------------------------
Returning to start pose: [-0.0009445867556824844, 0.01633870585199932, 1.0822697715304865], yaw=0.00035869001378665703
Return-to-start verified: True
End mission
Land
Land success: True
Manual
Manual success: True
Disarm
Disarm success: False
