Start mission
Arm
Arm success: True
Offboard
Offboard success: True
Take Off
Take Off success: True
Run mission
Go to 4 using astar with 2 subgoals
Detected IDs: [84, 64]
Detected IDs: [84, 64]
Detected IDs: [84, 64]
Detected IDs: [84, 64]
Detected IDs: [84, 64]
Detected IDs: [44, 84, 64]
Detected IDs: [84, 44, 64]
Detected IDs: [44, 84, 64]
Detected IDs: [44, 84, 64]
Detected IDs: [84, 44]
Detected IDs: [84, 64, 44]
Detected IDs: [44, 84]
Detected IDs: [84, 64, 44]
Detected IDs: [84]
Detected IDs: [84]
Detected IDs: [64, 84]
Detected IDs: [64, 84]
Detected IDs: [54]
Detected IDs: [54]
Detected IDs: [54]
Viewpoint done
Detected IDs: [54]
Go to 10 using astar with 2 subgoals
Detected IDs: [54]
Detected IDs: [54]
Detected IDs: [44, 54]
Detected IDs: [44, 54]
Detected IDs: [44]
Detected IDs: [44]
Detected IDs: [44]
Detected IDs: [44]
Detected IDs: [44]
Detected IDs: [44]
Detected IDs: [44]
Detected IDs: [44]
Detected IDs: [44]
Detected IDs: [44]
Detected IDs: [44]
Detected IDs: [64, 44]
Detected IDs: [64]
Detected IDs: [44]
Detected IDs: [44, 64]
Detected IDs: [44, 64]
Detected IDs: [44]
Detected IDs: [44, 64]
Detected IDs: [44, 64]
Detected IDs: [44, 64]
Detected IDs: [44, 14]
Detected IDs: [44, 14]
Detected IDs: [44, 14]
Detected IDs: [44, 14]
Detected IDs: [44, 14]
Detected IDs: [44, 34, 14]
Detected IDs: [44, 34, 14]
Detected IDs: [34, 14]
Detected IDs: [44, 34, 14]
Viewpoint done
Detected IDs: [44, 34, 14]
Detected IDs: [44, 34, 14]
Go to 6 using astar with 2 subgoals
Detected IDs: [44, 34, 14]
Detected IDs: [34]
Detected IDs: [34]
Detected IDs: [24]
Detected IDs: [24]
Detected IDs: [24]
Detected IDs: [24]
Detected IDs: [24]
Detected IDs: [24]
Detected IDs: [24]
Detected IDs: [24]
Detected IDs: [24]
Detected IDs: [24, 74]
Viewpoint done
Detected IDs: [24, 74]
End mission
Land
Detected IDs: [24, 74]
Land success: False
Manual
Manual exception: failed to create client: rcl node's context is invalid, at ./src/rcl/node.c:428
Disarm
Disarm exception: failed to create client: rcl node's context is invalid, at ./src/rcl/node.c:428
