Start mission
Arm
Arm success: True
Offboard
Offboard success: True
Take Off
Take Off success: True
Run mission
Go to 4 using astar with 2 subgoals
Detected IDs: [84, 44, 64]
Detected IDs: [84, 44, 64]
Detected IDs: [44, 84]
Detected IDs: [84]
Detected IDs: [54]
Detected IDs: [54]
Detected IDs: [54]
Viewpoint done
Detected IDs: [54]
Go to 10 using astar with 2 subgoals
Detected IDs: [54]
Detected IDs: [44]
Detected IDs: [44]
Detected IDs: [44]
Detected IDs: [44]
Detected IDs: [44]
Detected IDs: [44]
Detected IDs: [44, 64]
Detected IDs: [44, 64]
Detected IDs: [44]
Detected IDs: [44]
Detected IDs: [44, 14]
Detected IDs: [44, 14]
Detected IDs: [44, 34, 14]
Detected IDs: [44, 14, 34]
Detected IDs: [34, 14]
Viewpoint done
Go to 6 using astar with 2 subgoals
Detected IDs: [34]
Detected IDs: [24]
Detected IDs: [24]
Detected IDs: [74]
Detected IDs: [24, 74]
Detected IDs: [24, 74]
Detected IDs: [24, 74]
Detected IDs: [24, 74]
Viewpoint done
Go to 2 using astar with 2 subgoals
Detected IDs: [64, 54]
Detected IDs: [84, 34, 54]
Detected IDs: [84, 34]
Detected IDs: [84, 64, 34]
Detected IDs: [34]
---------------------------------
Tour of scenarios/scenario2.yaml took 67.414217710495 seconds
---------------------------------
End mission
Land
Detected IDs: [34]
Detected IDs: [84, 34]
Detected IDs: [84, 64, 34]
Detected IDs: [84, 34]
Detected IDs: [84, 64, 34]
Detected IDs: [84, 34]
Detected IDs: [84, 64, 54]
Detected IDs: [84, 64, 54]
Detected IDs: [64, 54]
Detected IDs: [84]
Detected IDs: [84]
Land success: True
Manual
Detected IDs: [84]
Manual success: True
Disarm
Disarm success: False
