Start mission
Arm
IMAGE CALLBACK TRIGGERED
IMAGE CALLBACK TRIGGERED
Arm success: True
Offboard
IMAGE CALLBACK TRIGGERED
Offboard success: True
Take Off
IMAGE CALLBACK TRIGGERED
IMAGE CALLBACK TRIGGERED
IMAGE CALLBACK TRIGGERED
Take Off success: True
IMAGE CALLBACK TRIGGERED
IMAGE CALLBACK TRIGGERED
IMAGE CALLBACK TRIGGERED
Run mission
Go to 4 using astar with 2 subgoals
IMAGE CALLBACK TRIGGERED
IMAGE CALLBACK TRIGGERED
IMAGE CALLBACK TRIGGERED
IMAGE CALLBACK TRIGGERED
IMAGE CALLBACK TRIGGERED
IMAGE CALLBACK TRIGGERED
IMAGE CALLBACK TRIGGERED
IMAGE CALLBACK TRIGGERED
IMAGE CALLBACK TRIGGERED
IMAGE CALLBACK TRIGGERED
IMAGE CALLBACK TRIGGERED
IMAGE CALLBACK TRIGGERED
IMAGE CALLBACK TRIGGERED
IMAGE CALLBACK TRIGGERED
IMAGE CALLBACK TRIGGERED
IMAGE CALLBACK TRIGGERED
IMAGE CALLBACK TRIGGERED
IMAGE CALLBACK TRIGGERED
IMAGE CALLBACK TRIGGERED
IMAGE CALLBACK TRIGGERED
IMAGE CALLBACK TRIGGERED
IMAGE CALLBACK TRIGGERED
IMAGE CALLBACK TRIGGERED
IMAGE CALLBACK TRIGGERED
IMAGE CALLBACK TRIGGERED
Viewpoint done
IMAGE CALLBACK TRIGGERED
Go to 10 using astar with 2 subgoals
IMAGE CALLBACK TRIGGERED
IMAGE CALLBACK TRIGGERED
IMAGE CALLBACK TRIGGERED
IMAGE CALLBACK TRIGGERED
IMAGE CALLBACK TRIGGERED
IMAGE CALLBACK TRIGGERED
IMAGE CALLBACK TRIGGERED
IMAGE CALLBACK TRIGGERED
IMAGE CALLBACK TRIGGERED
IMAGE CALLBACK TRIGGERED
IMAGE CALLBACK TRIGGERED
IMAGE CALLBACK TRIGGERED
IMAGE CALLBACK TRIGGERED
IMAGE CALLBACK TRIGGERED
IMAGE CALLBACK TRIGGERED
IMAGE CALLBACK TRIGGERED
IMAGE CALLBACK TRIGGERED
IMAGE CALLBACK TRIGGERED
IMAGE CALLBACK TRIGGERED
IMAGE CALLBACK TRIGGERED
IMAGE CALLBACK TRIGGERED
IMAGE CALLBACK TRIGGERED
IMAGE CALLBACK TRIGGERED
IMAGE CALLBACK TRIGGERED
IMAGE CALLBACK TRIGGERED
IMAGE CALLBACK TRIGGERED
IMAGE CALLBACK TRIGGERED
IMAGE CALLBACK TRIGGERED
IMAGE CALLBACK TRIGGERED
Viewpoint done
IMAGE CALLBACK TRIGGERED
Go to 6 using astar with 2 subgoals
IMAGE CALLBACK TRIGGERED
IMAGE CALLBACK TRIGGERED
IMAGE CALLBACK TRIGGERED
IMAGE CALLBACK TRIGGERED
IMAGE CALLBACK TRIGGERED
IMAGE CALLBACK TRIGGERED
IMAGE CALLBACK TRIGGERED
IMAGE CALLBACK TRIGGERED
IMAGE CALLBACK TRIGGERED
IMAGE CALLBACK TRIGGERED
IMAGE CALLBACK TRIGGERED
IMAGE CALLBACK TRIGGERED
IMAGE CALLBACK TRIGGERED
IMAGE CALLBACK TRIGGERED
IMAGE CALLBACK TRIGGERED
IMAGE CALLBACK TRIGGERED
IMAGE CALLBACK TRIGGERED
IMAGE CALLBACK TRIGGERED
IMAGE CALLBACK TRIGGERED
IMAGE CALLBACK TRIGGERED
IMAGE CALLBACK TRIGGERED
IMAGE CALLBACK TRIGGERED
IMAGE CALLBACK TRIGGERED
IMAGE CALLBACK TRIGGERED
Viewpoint done
IMAGE CALLBACK TRIGGERED
Go to 2 using astar with 2 subgoals
IMAGE CALLBACK TRIGGERED
IMAGE CALLBACK TRIGGERED
IMAGE CALLBACK TRIGGERED
IMAGE CALLBACK TRIGGERED
IMAGE CALLBACK TRIGGERED
IMAGE CALLBACK TRIGGERED
IMAGE CALLBACK TRIGGERED
IMAGE CALLBACK TRIGGERED
IMAGE CALLBACK TRIGGERED
IMAGE CALLBACK TRIGGERED
IMAGE CALLBACK TRIGGERED
IMAGE CALLBACK TRIGGERED
IMAGE CALLBACK TRIGGERED
IMAGE CALLBACK TRIGGERED
Viewpoint done
Go to 1 using astar with 2 subgoals
IMAGE CALLBACK TRIGGERED
IMAGE CALLBACK TRIGGERED
IMAGE CALLBACK TRIGGERED
IMAGE CALLBACK TRIGGERED
IMAGE CALLBACK TRIGGERED
IMAGE CALLBACK TRIGGERED
IMAGE CALLBACK TRIGGERED
IMAGE CALLBACK TRIGGERED
IMAGE CALLBACK TRIGGERED
IMAGE CALLBACK TRIGGERED
Detected IDs: [2]
IMAGE CALLBACK TRIGGERED
IMAGE CALLBACK TRIGGERED
IMAGE CALLBACK TRIGGERED
IMAGE CALLBACK TRIGGERED
IMAGE CALLBACK TRIGGERED
IMAGE CALLBACK TRIGGERED
IMAGE CALLBACK TRIGGERED
IMAGE CALLBACK TRIGGERED
IMAGE CALLBACK TRIGGERED
IMAGE CALLBACK TRIGGERED
IMAGE CALLBACK TRIGGERED
IMAGE CALLBACK TRIGGERED
IMAGE CALLBACK TRIGGERED
IMAGE CALLBACK TRIGGERED
Viewpoint done
IMAGE CALLBACK TRIGGERED
IMAGE CALLBACK TRIGGERED
Go to 9 using astar with 2 subgoals
IMAGE CALLBACK TRIGGERED
IMAGE CALLBACK TRIGGERED
IMAGE CALLBACK TRIGGERED
IMAGE CALLBACK TRIGGERED
IMAGE CALLBACK TRIGGERED
IMAGE CALLBACK TRIGGERED
IMAGE CALLBACK TRIGGERED
IMAGE CALLBACK TRIGGERED
IMAGE CALLBACK TRIGGERED
IMAGE CALLBACK TRIGGERED
IMAGE CALLBACK TRIGGERED
IMAGE CALLBACK TRIGGERED
IMAGE CALLBACK TRIGGERED
IMAGE CALLBACK TRIGGERED
IMAGE CALLBACK TRIGGERED
IMAGE CALLBACK TRIGGERED
IMAGE CALLBACK TRIGGERED
IMAGE CALLBACK TRIGGERED
IMAGE CALLBACK TRIGGERED
IMAGE CALLBACK TRIGGERED
IMAGE CALLBACK TRIGGERED
IMAGE CALLBACK TRIGGERED
Viewpoint done
Go to 8 using astar with 2 subgoals
IMAGE CALLBACK TRIGGERED
IMAGE CALLBACK TRIGGERED
IMAGE CALLBACK TRIGGERED
IMAGE CALLBACK TRIGGERED
IMAGE CALLBACK TRIGGERED
IMAGE CALLBACK TRIGGERED
IMAGE CALLBACK TRIGGERED
IMAGE CALLBACK TRIGGERED
IMAGE CALLBACK TRIGGERED
IMAGE CALLBACK TRIGGERED
IMAGE CALLBACK TRIGGERED
IMAGE CALLBACK TRIGGERED
IMAGE CALLBACK TRIGGERED
IMAGE CALLBACK TRIGGERED
IMAGE CALLBACK TRIGGERED
IMAGE CALLBACK TRIGGERED
IMAGE CALLBACK TRIGGERED
IMAGE CALLBACK TRIGGERED
IMAGE CALLBACK TRIGGERED
IMAGE CALLBACK TRIGGERED
IMAGE CALLBACK TRIGGERED
IMAGE CALLBACK TRIGGERED
IMAGE CALLBACK TRIGGERED
Viewpoint done
IMAGE CALLBACK TRIGGERED
Go to 5 using astar with 2 subgoals
IMAGE CALLBACK TRIGGERED
IMAGE CALLBACK TRIGGERED
IMAGE CALLBACK TRIGGERED
IMAGE CALLBACK TRIGGERED
IMAGE CALLBACK TRIGGERED
IMAGE CALLBACK TRIGGERED
IMAGE CALLBACK TRIGGERED
IMAGE CALLBACK TRIGGERED
IMAGE CALLBACK TRIGGERED
IMAGE CALLBACK TRIGGERED
IMAGE CALLBACK TRIGGERED
IMAGE CALLBACK TRIGGERED
IMAGE CALLBACK TRIGGERED
IMAGE CALLBACK TRIGGERED
IMAGE CALLBACK TRIGGERED
IMAGE CALLBACK TRIGGERED
IMAGE CALLBACK TRIGGERED
IMAGE CALLBACK TRIGGERED
IMAGE CALLBACK TRIGGERED
IMAGE CALLBACK TRIGGERED
IMAGE CALLBACK TRIGGERED
IMAGE CALLBACK TRIGGERED
Viewpoint done
Go to 7 using astar with 2 subgoals
IMAGE CALLBACK TRIGGERED
IMAGE CALLBACK TRIGGERED
IMAGE CALLBACK TRIGGERED
IMAGE CALLBACK TRIGGERED
IMAGE CALLBACK TRIGGERED
IMAGE CALLBACK TRIGGERED
IMAGE CALLBACK TRIGGERED
IMAGE CALLBACK TRIGGERED
IMAGE CALLBACK TRIGGERED
IMAGE CALLBACK TRIGGERED
IMAGE CALLBACK TRIGGERED
IMAGE CALLBACK TRIGGERED
IMAGE CALLBACK TRIGGERED
IMAGE CALLBACK TRIGGERED
IMAGE CALLBACK TRIGGERED
IMAGE CALLBACK TRIGGERED
IMAGE CALLBACK TRIGGERED
IMAGE CALLBACK TRIGGERED
IMAGE CALLBACK TRIGGERED
IMAGE CALLBACK TRIGGERED
IMAGE CALLBACK TRIGGERED
IMAGE CALLBACK TRIGGERED
IMAGE CALLBACK TRIGGERED
IMAGE CALLBACK TRIGGERED
IMAGE CALLBACK TRIGGERED
IMAGE CALLBACK TRIGGERED
Viewpoint done
Go to 3 using astar with 2 subgoals
IMAGE CALLBACK TRIGGERED
IMAGE CALLBACK TRIGGERED
IMAGE CALLBACK TRIGGERED
IMAGE CALLBACK TRIGGERED
IMAGE CALLBACK TRIGGERED
IMAGE CALLBACK TRIGGERED
IMAGE CALLBACK TRIGGERED
IMAGE CALLBACK TRIGGERED
IMAGE CALLBACK TRIGGERED
IMAGE CALLBACK TRIGGERED
IMAGE CALLBACK TRIGGERED
IMAGE CALLBACK TRIGGERED
IMAGE CALLBACK TRIGGERED
IMAGE CALLBACK TRIGGERED
IMAGE CALLBACK TRIGGERED
IMAGE CALLBACK TRIGGERED
IMAGE CALLBACK TRIGGERED
IMAGE CALLBACK TRIGGERED
IMAGE CALLBACK TRIGGERED
IMAGE CALLBACK TRIGGERED
IMAGE CALLBACK TRIGGERED
IMAGE CALLBACK TRIGGERED
IMAGE CALLBACK TRIGGERED
IMAGE CALLBACK TRIGGERED
IMAGE CALLBACK TRIGGERED
IMAGE CALLBACK TRIGGERED
IMAGE CALLBACK TRIGGERED
IMAGE CALLBACK TRIGGERED
IMAGE CALLBACK TRIGGERED
IMAGE CALLBACK TRIGGERED
IMAGE CALLBACK TRIGGERED
IMAGE CALLBACK TRIGGERED
IMAGE CALLBACK TRIGGERED
IMAGE CALLBACK TRIGGERED
IMAGE CALLBACK TRIGGERED
IMAGE CALLBACK TRIGGERED
IMAGE CALLBACK TRIGGERED
IMAGE CALLBACK TRIGGERED
IMAGE CALLBACK TRIGGERED
IMAGE CALLBACK TRIGGERED
IMAGE CALLBACK TRIGGERED
IMAGE CALLBACK TRIGGERED
IMAGE CALLBACK TRIGGERED
Viewpoint done
IMAGE CALLBACK TRIGGERED
---------------------------------
Tour of scenarios/scenario1.yaml took 158.4520456790924 seconds
---------------------------------
Returning to start pose: [0.014732436571234608, -0.016496258771160257, 1.0833097228169926], yaw=-0.002242122238046894
IMAGE CALLBACK TRIGGERED
IMAGE CALLBACK TRIGGERED
IMAGE CALLBACK TRIGGERED
IMAGE CALLBACK TRIGGERED
IMAGE CALLBACK TRIGGERED
IMAGE CALLBACK TRIGGERED
IMAGE CALLBACK TRIGGERED
IMAGE CALLBACK TRIGGERED
IMAGE CALLBACK TRIGGERED
IMAGE CALLBACK TRIGGERED
IMAGE CALLBACK TRIGGERED
IMAGE CALLBACK TRIGGERED
IMAGE CALLBACK TRIGGERED
IMAGE CALLBACK TRIGGERED
IMAGE CALLBACK TRIGGERED
IMAGE CALLBACK TRIGGERED
IMAGE CALLBACK TRIGGERED
IMAGE CALLBACK TRIGGERED
IMAGE CALLBACK TRIGGERED
IMAGE CALLBACK TRIGGERED
IMAGE CALLBACK TRIGGERED
IMAGE CALLBACK TRIGGERED
IMAGE CALLBACK TRIGGERED
IMAGE CALLBACK TRIGGERED
IMAGE CALLBACK TRIGGERED
IMAGE CALLBACK TRIGGERED
IMAGE CALLBACK TRIGGERED
IMAGE CALLBACK TRIGGERED
IMAGE CALLBACK TRIGGERED
Return-to-start verified: True
End mission
Land
IMAGE CALLBACK TRIGGERED
IMAGE CALLBACK TRIGGERED
IMAGE CALLBACK TRIGGERED
IMAGE CALLBACK TRIGGERED
IMAGE CALLBACK TRIGGERED
IMAGE CALLBACK TRIGGERED
IMAGE CALLBACK TRIGGERED
IMAGE CALLBACK TRIGGERED
IMAGE CALLBACK TRIGGERED
IMAGE CALLBACK TRIGGERED
IMAGE CALLBACK TRIGGERED
Land success: True
Manual
IMAGE CALLBACK TRIGGERED
IMAGE CALLBACK TRIGGERED
IMAGE CALLBACK TRIGGERED
Manual success: True
Disarm
Disarm success: False
