Start mission
Arm
Arm success: True
Offboard
Offboard success: True
Take Off
Take Off success: True
Run mission
Go to 7 with path facing {'p': 0.0, 'r': 0.0, 'w': 0.8568937452352742, 'x': -2.0019852502292306, 'y': -0.3697799497970564, 'z': 2.126793014362398}
Go to success: True
Go to done
Go to 15 with path facing {'p': 0.0, 'r': 0.0, 'w': 0.3719134010564696, 'x': -0.7820552748047724, 'y': 2.7102328319935776, 'z': 4.662226401589287}
Go to success: True
Go to done
Go to 1 with path facing {'p': 0.0, 'r': 0.0, 'w': 3.0411999793785194, 'x': 1.281696908782271, 'y': 4.187415282674067, 'z': 3.6997706320292343}
Go to success: True
Go to done
Go to 18 with path facing {'p': 0.0, 'r': 0.0, 'w': 0.03892257122167104, 'x': 2.536100766797883, 'y': 2.596732947061291, 'z': 3.097239410571371}
Go to success: True
Go to done
Go to 4 with path facing {'p': 0.0, 'r': 0.0, 'w': 0.5756616598221015, 'x': 3.7012216381430925, 'y': -0.7252944693563457, 'z': 2.392922097342369}
Go to success: True
Go to done
Go to 17 with path facing {'p': 0.0, 'r': 0.0, 'w': 0.10279752473911717, 'x': 6.383486919976715, 'y': 0.8930092411575696, 'z': 4.056664747907076}
Go to success: True
Go to done
Go to 6 with path facing {'p': 0.0, 'r': 0.0, 'w': 2.4306692683499502, 'x': 5.1781919262703155, 'y': 7.324076991090941, 'z': 1.4004470588492413}
Go to success: True
Go to done
Go to 10 with path facing {'p': 0.0, 'r': 0.0, 'w': 2.64434632384916, 'x': 1.8885803768774352, 'y': -3.7576855315653246, 'z': 1.1002785569564004}
Go to success: True
Go to done
Go to 8 with path facing {'p': 0.0, 'r': 0.0, 'w': 1.1432781078581158, 'x': 3.1107281510840252, 'y': -8.460443220723308, 'z': 4.406118149741427}
Go to success: True
Go to done
Go to 5 with path facing {'p': 0.0, 'r': 0.0, 'w': 2.6813122949801205, 'x': 4.339340629075894, 'y': -8.557573857195813, 'z': 4.0404893546395275}
Go to success: True
Go to done
Go to 13 with path facing {'p': 0.0, 'r': 0.0, 'w': 2.017234568535899, 'x': 0.303109819143339, 'y': -9.58173672733848, 'z': 3.043904418069046}
Go to success: True
Go to done
Go to 9 with path facing {'p': 0.0, 'r': 0.0, 'w': 0.07508880408640103, 'x': -6.272081737357677, 'y': -5.542102192713356, 'z': 4.83996865491392}
Go to success: True
Go to done
Go to 2 with path facing {'p': 0.0, 'r': 0.0, 'w': 1.8148397321083654, 'x': -9.814404732049823, 'y': -3.435134030678735, 'z': 4.901101757175853}
Go to success: True
Go to done
Go to 14 with path facing {'p': 0.0, 'r': 0.0, 'w': 2.580433592801597, 'x': -9.370535072778395, 'y': -0.08534947708026586, 'z': 3.8308083605276884}
Go to success: True
Go to done
Go to 20 with path facing {'p': 0.0, 'r': 0.0, 'w': 1.3020653692683926, 'x': -6.829328939400757, 'y': -0.15957056368436184, 'z': 2.426196982195556}
Go to success: True
Go to done
Go to 19 with path facing {'p': 0.0, 'r': 0.0, 'w': 2.76173666381855, 'x': -6.076970187807387, 'y': -0.8555753443267573, 'z': 3.006335418564077}
Go to success: True
Go to done
Go to 16 with path facing {'p': 0.0, 'r': 0.0, 'w': 0.14510281829760843, 'x': -6.2733619897138055, 'y': 1.9029951808086487, 'z': 4.513427403188905}
Go to success: True
Go to done
Go to 3 with path facing {'p': 0.0, 'r': 0.0, 'w': 1.1840359828177647, 'x': -8.765140223474702, 'y': -2.1312779375399042, 'z': 1.2611838656945542}
Go to success: True
Go to done
Go to 11 with path facing {'p': 0.0, 'r': 0.0, 'w': 2.0992136190049933, 'x': 9.173952516262275, 'y': -6.225327946412714, 'z': 2.4482761862971176}
Go to success: True
Go to done
Go to 12 with path facing {'p': 0.0, 'r': 0.0, 'w': 2.089604834570086, 'x': 9.136922326821043, 'y': -9.699023235486639, 'z': 1.3117929075712667}
Go to success: True
Go to done
---------------------------------
Tour of scenarios/scenario3.yaml took 154.08237528800964 seconds
---------------------------------
End mission
Land
Land success: True
Manual
Manual success: True
