Start mission
Arm
Arm success: True
Offboard
Offboard success: True
Take Off
IMAGE CALLBACK TRIGGERED
IMAGE CALLBACK TRIGGERED
IMAGE CALLBACK TRIGGERED
IMAGE CALLBACK TRIGGERED
IMAGE CALLBACK TRIGGERED
Take Off success: True
IMAGE CALLBACK TRIGGERED
IMAGE CALLBACK TRIGGERED
IMAGE CALLBACK TRIGGERED
Run mission
Go to 4 using astar with 2 subgoals
IMAGE CALLBACK TRIGGERED
IMAGE CALLBACK TRIGGERED
IMAGE CALLBACK TRIGGERED
IMAGE CALLBACK TRIGGERED
IMAGE CALLBACK TRIGGERED
IMAGE CALLBACK TRIGGERED
IMAGE CALLBACK TRIGGERED
IMAGE CALLBACK TRIGGERED
IMAGE CALLBACK TRIGGERED
IMAGE CALLBACK TRIGGERED
IMAGE CALLBACK TRIGGERED
IMAGE CALLBACK TRIGGERED
IMAGE CALLBACK TRIGGERED
IMAGE CALLBACK TRIGGERED
IMAGE CALLBACK TRIGGERED
IMAGE CALLBACK TRIGGERED
IMAGE CALLBACK TRIGGERED
IMAGE CALLBACK TRIGGERED
IMAGE CALLBACK TRIGGERED
IMAGE CALLBACK TRIGGERED
IMAGE CALLBACK TRIGGERED
IMAGE CALLBACK TRIGGERED
Viewpoint done
IMAGE CALLBACK TRIGGERED
IMAGE CALLBACK TRIGGERED
Go to 10 using astar with 2 subgoals
IMAGE CALLBACK TRIGGERED
IMAGE CALLBACK TRIGGERED
IMAGE CALLBACK TRIGGERED
IMAGE CALLBACK TRIGGERED
IMAGE CALLBACK TRIGGERED
IMAGE CALLBACK TRIGGERED
IMAGE CALLBACK TRIGGERED
IMAGE CALLBACK TRIGGERED
IMAGE CALLBACK TRIGGERED
IMAGE CALLBACK TRIGGERED
IMAGE CALLBACK TRIGGERED
IMAGE CALLBACK TRIGGERED
IMAGE CALLBACK TRIGGERED
IMAGE CALLBACK TRIGGERED
IMAGE CALLBACK TRIGGERED
IMAGE CALLBACK TRIGGERED
IMAGE CALLBACK TRIGGERED
IMAGE CALLBACK TRIGGERED
IMAGE CALLBACK TRIGGERED
Viewpoint done
IMAGE CALLBACK TRIGGERED
Go to 6 using astar with 2 subgoals
IMAGE CALLBACK TRIGGERED
IMAGE CALLBACK TRIGGERED
IMAGE CALLBACK TRIGGERED
IMAGE CALLBACK TRIGGERED
IMAGE CALLBACK TRIGGERED
IMAGE CALLBACK TRIGGERED
IMAGE CALLBACK TRIGGERED
IMAGE CALLBACK TRIGGERED
IMAGE CALLBACK TRIGGERED
IMAGE CALLBACK TRIGGERED
IMAGE CALLBACK TRIGGERED
IMAGE CALLBACK TRIGGERED
IMAGE CALLBACK TRIGGERED
IMAGE CALLBACK TRIGGERED
IMAGE CALLBACK TRIGGERED
IMAGE CALLBACK TRIGGERED
Viewpoint done
Go to 2 using astar with 2 subgoals
IMAGE CALLBACK TRIGGERED
IMAGE CALLBACK TRIGGERED
IMAGE CALLBACK TRIGGERED
Viewpoint done
Go to 1 using astar with 2 subgoals
IMAGE CALLBACK TRIGGERED
IMAGE CALLBACK TRIGGERED
IMAGE CALLBACK TRIGGERED
IMAGE CALLBACK TRIGGERED
IMAGE CALLBACK TRIGGERED
IMAGE CALLBACK TRIGGERED
IMAGE CALLBACK TRIGGERED
IMAGE CALLBACK TRIGGERED
IMAGE CALLBACK TRIGGERED
IMAGE CALLBACK TRIGGERED
IMAGE CALLBACK TRIGGERED
IMAGE CALLBACK TRIGGERED
IMAGE CALLBACK TRIGGERED
IMAGE CALLBACK TRIGGERED
IMAGE CALLBACK TRIGGERED
IMAGE CALLBACK TRIGGERED
IMAGE CALLBACK TRIGGERED
IMAGE CALLBACK TRIGGERED
IMAGE CALLBACK TRIGGERED
IMAGE CALLBACK TRIGGERED
IMAGE CALLBACK TRIGGERED
IMAGE CALLBACK TRIGGERED
IMAGE CALLBACK TRIGGERED
IMAGE CALLBACK TRIGGERED
IMAGE CALLBACK TRIGGERED
IMAGE CALLBACK TRIGGERED
Viewpoint done
IMAGE CALLBACK TRIGGERED
Go to 9 using astar with 2 subgoals
IMAGE CALLBACK TRIGGERED
IMAGE CALLBACK TRIGGERED
IMAGE CALLBACK TRIGGERED
IMAGE CALLBACK TRIGGERED
IMAGE CALLBACK TRIGGERED
IMAGE CALLBACK TRIGGERED
IMAGE CALLBACK TRIGGERED
IMAGE CALLBACK TRIGGERED
IMAGE CALLBACK TRIGGERED
IMAGE CALLBACK TRIGGERED
IMAGE CALLBACK TRIGGERED
IMAGE CALLBACK TRIGGERED
IMAGE CALLBACK TRIGGERED
IMAGE CALLBACK TRIGGERED
IMAGE CALLBACK TRIGGERED
IMAGE CALLBACK TRIGGERED
IMAGE CALLBACK TRIGGERED
IMAGE CALLBACK TRIGGERED
IMAGE CALLBACK TRIGGERED
IMAGE CALLBACK TRIGGERED
IMAGE CALLBACK TRIGGERED
IMAGE CALLBACK TRIGGERED
IMAGE CALLBACK TRIGGERED
IMAGE CALLBACK TRIGGERED
Viewpoint done
IMAGE CALLBACK TRIGGERED
Go to 8 using astar with 2 subgoals
IMAGE CALLBACK TRIGGERED
IMAGE CALLBACK TRIGGERED
IMAGE CALLBACK TRIGGERED
IMAGE CALLBACK TRIGGERED
IMAGE CALLBACK TRIGGERED
IMAGE CALLBACK TRIGGERED
IMAGE CALLBACK TRIGGERED
IMAGE CALLBACK TRIGGERED
IMAGE CALLBACK TRIGGERED
IMAGE CALLBACK TRIGGERED
IMAGE CALLBACK TRIGGERED
IMAGE CALLBACK TRIGGERED
IMAGE CALLBACK TRIGGERED
IMAGE CALLBACK TRIGGERED
IMAGE CALLBACK TRIGGERED
IMAGE CALLBACK TRIGGERED
IMAGE CALLBACK TRIGGERED
IMAGE CALLBACK TRIGGERED
IMAGE CALLBACK TRIGGERED
IMAGE CALLBACK TRIGGERED
IMAGE CALLBACK TRIGGERED
IMAGE CALLBACK TRIGGERED
IMAGE CALLBACK TRIGGERED
IMAGE CALLBACK TRIGGERED
IMAGE CALLBACK TRIGGERED
IMAGE CALLBACK TRIGGERED
IMAGE CALLBACK TRIGGERED
IMAGE CALLBACK TRIGGERED
IMAGE CALLBACK TRIGGERED
IMAGE CALLBACK TRIGGERED
IMAGE CALLBACK TRIGGERED
IMAGE CALLBACK TRIGGERED
IMAGE CALLBACK TRIGGERED
IMAGE CALLBACK TRIGGERED
Viewpoint done
Go to 5 using astar with 2 subgoals
IMAGE CALLBACK TRIGGERED
IMAGE CALLBACK TRIGGERED
IMAGE CALLBACK TRIGGERED
IMAGE CALLBACK TRIGGERED
IMAGE CALLBACK TRIGGERED
IMAGE CALLBACK TRIGGERED
IMAGE CALLBACK TRIGGERED
IMAGE CALLBACK TRIGGERED
IMAGE CALLBACK TRIGGERED
IMAGE CALLBACK TRIGGERED
IMAGE CALLBACK TRIGGERED
IMAGE CALLBACK TRIGGERED
IMAGE CALLBACK TRIGGERED
IMAGE CALLBACK TRIGGERED
IMAGE CALLBACK TRIGGERED
IMAGE CALLBACK TRIGGERED
IMAGE CALLBACK TRIGGERED
IMAGE CALLBACK TRIGGERED
IMAGE CALLBACK TRIGGERED
IMAGE CALLBACK TRIGGERED
IMAGE CALLBACK TRIGGERED
Viewpoint done
Go to 7 using astar with 2 subgoals
IMAGE CALLBACK TRIGGERED
IMAGE CALLBACK TRIGGERED
IMAGE CALLBACK TRIGGERED
IMAGE CALLBACK TRIGGERED
IMAGE CALLBACK TRIGGERED
IMAGE CALLBACK TRIGGERED
IMAGE CALLBACK TRIGGERED
IMAGE CALLBACK TRIGGERED
IMAGE CALLBACK TRIGGERED
IMAGE CALLBACK TRIGGERED
IMAGE CALLBACK TRIGGERED
IMAGE CALLBACK TRIGGERED
IMAGE CALLBACK TRIGGERED
IMAGE CALLBACK TRIGGERED
IMAGE CALLBACK TRIGGERED
IMAGE CALLBACK TRIGGERED
IMAGE CALLBACK TRIGGERED
IMAGE CALLBACK TRIGGERED
IMAGE CALLBACK TRIGGERED
IMAGE CALLBACK TRIGGERED
IMAGE CALLBACK TRIGGERED
IMAGE CALLBACK TRIGGERED
IMAGE CALLBACK TRIGGERED
IMAGE CALLBACK TRIGGERED
Viewpoint done
IMAGE CALLBACK TRIGGERED
IMAGE CALLBACK TRIGGERED
Go to 3 using astar with 2 subgoals
IMAGE CALLBACK TRIGGERED
IMAGE CALLBACK TRIGGERED
IMAGE CALLBACK TRIGGERED
IMAGE CALLBACK TRIGGERED
IMAGE CALLBACK TRIGGERED
IMAGE CALLBACK TRIGGERED
IMAGE CALLBACK TRIGGERED
IMAGE CALLBACK TRIGGERED
IMAGE CALLBACK TRIGGERED
IMAGE CALLBACK TRIGGERED
IMAGE CALLBACK TRIGGERED
IMAGE CALLBACK TRIGGERED
IMAGE CALLBACK TRIGGERED
IMAGE CALLBACK TRIGGERED
IMAGE CALLBACK TRIGGERED
IMAGE CALLBACK TRIGGERED
IMAGE CALLBACK TRIGGERED
IMAGE CALLBACK TRIGGERED
IMAGE CALLBACK TRIGGERED
IMAGE CALLBACK TRIGGERED
IMAGE CALLBACK TRIGGERED
IMAGE CALLBACK TRIGGERED
Viewpoint done
IMAGE CALLBACK TRIGGERED
---------------------------------
Tour of scenarios/scenario1.yaml took 171.22477269172668 seconds
---------------------------------
Returning to start pose: [-0.0005233026282592977, 0.003902904820013986, 1.0905490668926046], yaw=-0.0005587516414469839
IMAGE CALLBACK TRIGGERED
IMAGE CALLBACK TRIGGERED
IMAGE CALLBACK TRIGGERED
IMAGE CALLBACK TRIGGERED
IMAGE CALLBACK TRIGGERED
IMAGE CALLBACK TRIGGERED
IMAGE CALLBACK TRIGGERED
IMAGE CALLBACK TRIGGERED
IMAGE CALLBACK TRIGGERED
IMAGE CALLBACK TRIGGERED
IMAGE CALLBACK TRIGGERED
IMAGE CALLBACK TRIGGERED
IMAGE CALLBACK TRIGGERED
IMAGE CALLBACK TRIGGERED
IMAGE CALLBACK TRIGGERED
IMAGE CALLBACK TRIGGERED
IMAGE CALLBACK TRIGGERED
IMAGE CALLBACK TRIGGERED
IMAGE CALLBACK TRIGGERED
IMAGE CALLBACK TRIGGERED
IMAGE CALLBACK TRIGGERED
IMAGE CALLBACK TRIGGERED
IMAGE CALLBACK TRIGGERED
IMAGE CALLBACK TRIGGERED
Return-to-start verified: True
IMAGE CALLBACK TRIGGERED
End mission
Land
IMAGE CALLBACK TRIGGERED
IMAGE CALLBACK TRIGGERED
IMAGE CALLBACK TRIGGERED
IMAGE CALLBACK TRIGGERED
IMAGE CALLBACK TRIGGERED
IMAGE CALLBACK TRIGGERED
IMAGE CALLBACK TRIGGERED
IMAGE CALLBACK TRIGGERED
IMAGE CALLBACK TRIGGERED
IMAGE CALLBACK TRIGGERED
Land success: True
Manual
IMAGE CALLBACK TRIGGERED
IMAGE CALLBACK TRIGGERED
Manual success: True
Disarm
IMAGE CALLBACK TRIGGERED
IMAGE CALLBACK TRIGGERED
IMAGE CALLBACK TRIGGERED
Disarm success: False
