Start mission
Arm
Arm success: True
Offboard
Offboard success: True
Take Off
Take Off success: True
Run mission
Go to 4 using astar with 2 subgoals
Detected IDs: [84, 64]
Detected IDs: [84, 64]
Detected IDs: [84, 64]
Detected IDs: [84, 44, 64]
Detected IDs: [84, 44, 64]
Detected IDs: [84, 44, 64]
Detected IDs: [44, 84]
Detected IDs: [84, 44]
Detected IDs: [64]
Detected IDs: [64]
Detected IDs: [54]
Viewpoint done
Detected IDs: [54]
Go to 10 using astar with 2 subgoals
Detected IDs: [54]
Detected IDs: [54]
Detected IDs: [44]
Detected IDs: [44]
Detected IDs: [44]
Detected IDs: [44]
Detected IDs: [44]
Detected IDs: [44]
Detected IDs: [64, 44]
Detected IDs: [44, 14]
Detected IDs: [14, 34]
Detected IDs: [44, 14, 34]
Viewpoint done
Detected IDs: [44, 34, 14]
Go to 6 using astar with 2 subgoals
Detected IDs: [14, 34]
Detected IDs: [24]
Detected IDs: [24]
Detected IDs: [24]
Detected IDs: [74]
Detected IDs: [24, 74]
Viewpoint done
Detected IDs: [24, 74]
Go to 2 using astar with 2 subgoals
Detected IDs: [14, 84, 34]
Detected IDs: [84, 34]
Viewpoint done
Go to 1 using astar with 2 subgoals
Detected IDs: [84, 34, 54]
Detected IDs: [84, 34]
Detected IDs: [14, 84, 44, 34]
Detected IDs: [24, 74]
Detected IDs: [24, 74]
Detected IDs: [24]
Detected IDs: [24]
Detected IDs: [24]
Detected IDs: [24]
Detected IDs: [24]
Detected IDs: [24]
Detected IDs: [24, 24]
Detected IDs: [24, 24]
Viewpoint done
Go to 9 using astar with 2 subgoals
Detected IDs: [24, 24]
Detected IDs: [24]
Detected IDs: [24]
Detected IDs: [24]
Viewpoint done
Detected IDs: [24]
Go to 8 using astar with 3 subgoals
Detected IDs: [14]
Detected IDs: [14, 84, 64]
Detected IDs: [14, 64, 44]
Detected IDs: [14, 64, 44]
Detected IDs: [14, 64, 44]
Detected IDs: [84, 14, 64, 44]
Detected IDs: [14, 64, 44]
Detected IDs: [14, 64]
Detected IDs: [14, 64]
Detected IDs: [14, 84, 64]
Detected IDs: [14, 64]
Detected IDs: [14, 64]
Detected IDs: [14, 84, 64]
Detected IDs: [84, 14, 64]
Detected IDs: [84, 14, 64]
Viewpoint done
Go to 5 using astar with 2 subgoals
Detected IDs: [84, 14, 64]
Detected IDs: [84, 14, 64]
Detected IDs: [14, 64]
Detected IDs: [14, 64]
Detected IDs: [64]
Detected IDs: [84, 64]
Detected IDs: [64, 84]
Detected IDs: [64, 84]
Detected IDs: [64, 84]
Detected IDs: [64]
Viewpoint done
Go to 7 using astar with 2 subgoals
Detected IDs: [64]
Detected IDs: [84, 64]
Detected IDs: [84, 64]
Detected IDs: [84]
Detected IDs: [84]
Detected IDs: [84]
Viewpoint done
Detected IDs: [84]
Detected IDs: [84]
Go to 3 using astar with 2 subgoals
Detected IDs: [84]
Detected IDs: [44]
Detected IDs: [44]
Detected IDs: [44]
Viewpoint done
Detected IDs: [44]
---------------------------------
Tour of scenarios/scenario2.yaml took 155.7820405960083 seconds
---------------------------------
Returning to start pose: [0.020284293543823904, -0.006865345702811494, 1.0907087375007305], yaw=0.0018829581899592115
Detected IDs: [44]
Detected IDs: [44]
Detected IDs: [44]
Detected IDs: [64]
Detected IDs: [84, 64]
Detected IDs: [84, 64]
Return-to-start verified: True
End mission
Land
Land success: True
Manual
Manual success: True
Disarm
Disarm success: False
